{
  "numTotalTestSuites": 2,
  "numPassedTestSuites": 2,
  "numFailedTestSuites": 0,
  "numPendingTestSuites": 0,
  "numTotalTests": 2,
  "numPassedTests": 2,
  "numFailedTests": 0,
  "numPendingTests": 0,
  "numTodoTests": 0,
  "startTime": 1748870410467,
  "success": true,
  "testResults": [
    {
      "assertionResults": [
        {
          "ancestorTitles": [
            "",
            "MainContent"
          ],
          "fullName": " MainContent should render a button",
          "status": "passed",
          "title": "should render a button",
          "duration": 46,
          "failureMessages": []
        },
        {
          "ancestorTitles": [
            "",
            "MainContent"
          ],
          "fullName": " MainContent should show the help area after clicking the button",
          "status": "passed",
          "title": "should show the help area after clicking the button",
          "duration": 42,
          "failureMessages": []
        }
      ],
      "startTime": 1748870412702,
      "endTime": 1748870412790,
      "status": "passed",
      "message": "",
      "name": "C:/xampp/htdocs/actions/src/components/MainContent.test.jsx"
    }
  ]
}